start 0 tensor([[[-0.0561, -0.0435,  0.0133,  ..., -0.0620,  0.1544, -0.1432]],

        [[ 0.0224, -0.0637,  0.0129,  ...,  0.0732,  0.1718, -0.1469]],

        [[-0.0284,  0.0073,  0.0481,  ...,  0.0227, -0.0447, -0.0505]],

        ...,

        [[-0.0324,  0.0269,  0.2315,  ..., -0.1124, -0.0463, -0.1255]],

        [[ 0.0562,  0.0240,  0.1067,  ..., -0.0993, -0.1266, -0.1587]],

        [[ 0.0259,  0.0556, -0.0008,  ...,  0.0015, -0.0352, -0.0256]]],
       grad_fn=<BmmBackward>) tensor([[[-0.0561, -0.0435,  0.0133,  ..., -0.0620,  0.1544, -0.1432]],

        [[ 0.0224, -0.0637,  0.0129,  ...,  0.0732,  0.1718, -0.1469]],

        [[-0.0284,  0.0073,  0.0481,  ...,  0.0227, -0.0447, -0.0505]],

        ...,

        [[-0.0324,  0.0269,  0.2315,  ..., -0.1124, -0.0463, -0.1255]],

        [[ 0.0562,  0.0240,  0.1067,  ..., -0.0993, -0.1266, -0.1587]],

        [[ 0.0259,  0.0556, -0.0008,  ...,  0.0015, -0.0352, -0.0256]]],
       grad_fn=<BmmBackward>)
start 0 tensor([[[-0.0562, -0.0443,  0.0141,  ..., -0.0620,  0.1577, -0.1455]],

        [[ 0.0246, -0.0674,  0.0128,  ...,  0.0722,  0.1786, -0.1535]],

        [[-0.0292,  0.0073,  0.0482,  ...,  0.0229, -0.0453, -0.0501]],

        ...,

        [[-0.0334,  0.0268,  0.2313,  ..., -0.1117, -0.0463, -0.1250]],

        [[ 0.0544,  0.0239,  0.1070,  ..., -0.0988, -0.1258, -0.1574]],

        [[ 0.0259,  0.0552, -0.0005,  ...,  0.0016, -0.0349, -0.0255]]],
       grad_fn=<BmmBackward>) tensor([[[-0.0562, -0.0443,  0.0141,  ..., -0.0620,  0.1577, -0.1455]],

        [[ 0.0246, -0.0674,  0.0128,  ...,  0.0722,  0.1786, -0.1535]],

        [[-0.0292,  0.0073,  0.0482,  ...,  0.0229, -0.0453, -0.0501]],

        ...,

        [[-0.0334,  0.0268,  0.2313,  ..., -0.1117, -0.0463, -0.1250]],

        [[ 0.0544,  0.0239,  0.1070,  ..., -0.0988, -0.1258, -0.1574]],

        [[ 0.0259,  0.0552, -0.0005,  ...,  0.0016, -0.0349, -0.0255]]],
       grad_fn=<BmmBackward>)
start 0 tensor([[[-0.0562, -0.0452,  0.0149,  ..., -0.0619,  0.1611, -0.1480]],

        [[ 0.0270, -0.0715,  0.0128,  ...,  0.0710,  0.1859, -0.1608]],

        [[-0.0300,  0.0072,  0.0482,  ...,  0.0231, -0.0459, -0.0498]],

        ...,

        [[-0.0344,  0.0266,  0.2312,  ..., -0.1110, -0.0463, -0.1246]],

        [[ 0.0527,  0.0239,  0.1072,  ..., -0.0983, -0.1251, -0.1562]],

        [[ 0.0259,  0.0548, -0.0003,  ...,  0.0017, -0.0347, -0.0253]]],
       grad_fn=<BmmBackward>) tensor([[[-0.0562, -0.0452,  0.0149,  ..., -0.0619,  0.1611, -0.1480]],

        [[ 0.0270, -0.0715,  0.0128,  ...,  0.0710,  0.1859, -0.1608]],

        [[-0.0300,  0.0072,  0.0482,  ...,  0.0231, -0.0459, -0.0498]],

        ...,

        [[-0.0344,  0.0266,  0.2312,  ..., -0.1110, -0.0463, -0.1246]],

        [[ 0.0527,  0.0239,  0.1072,  ..., -0.0983, -0.1251, -0.1562]],

        [[ 0.0259,  0.0548, -0.0003,  ...,  0.0017, -0.0347, -0.0253]]],
       grad_fn=<BmmBackward>)
start 0 tensor([[[-5.6188e-02, -4.6125e-02,  1.5776e-02,  ..., -6.1848e-02,
           1.6469e-01, -1.5054e-01]],

        [[ 2.9737e-02, -7.5938e-02,  1.2639e-02,  ...,  6.9671e-02,
           1.9375e-01, -1.6858e-01]],

        [[-3.0754e-02,  7.2178e-03,  4.8298e-02,  ...,  2.3340e-02,
          -4.6456e-02, -4.9495e-02]],

        ...,

        [[-3.5303e-02,  2.6433e-02,  2.3122e-01,  ..., -1.1038e-01,
          -4.6428e-02, -1.2416e-01]],

        [[ 5.1031e-02,  2.3900e-02,  1.0753e-01,  ..., -9.7803e-02,
          -1.2440e-01, -1.5505e-01]],

        [[ 2.5855e-02,  5.4432e-02, -5.7023e-05,  ...,  1.7723e-03,
          -3.4494e-02, -2.5177e-02]]], grad_fn=<BmmBackward>) tensor([[[-5.6188e-02, -4.6125e-02,  1.5776e-02,  ..., -6.1848e-02,
           1.6469e-01, -1.5054e-01]],

        [[ 2.9737e-02, -7.5938e-02,  1.2639e-02,  ...,  6.9671e-02,
           1.9375e-01, -1.6858e-01]],

        [[-3.0754e-02,  7.2178e-03,  4.8298e-02,  ...,  2.3340e-02,
          -4.6456e-02, -4.9495e-02]],

        ...,

        [[-3.5303e-02,  2.6433e-02,  2.3122e-01,  ..., -1.1038e-01,
          -4.6428e-02, -1.2416e-01]],

        [[ 5.1031e-02,  2.3900e-02,  1.0753e-01,  ..., -9.7803e-02,
          -1.2440e-01, -1.5505e-01]],

        [[ 2.5855e-02,  5.4432e-02, -5.7023e-05,  ...,  1.7723e-03,
          -3.4494e-02, -2.5177e-02]]], grad_fn=<BmmBackward>)
start 0 tensor([[[-5.6132e-02, -4.7131e-02,  1.6652e-02,  ..., -6.1772e-02,
           1.6849e-01, -1.5327e-01]],

        [[ 3.2748e-02, -8.0748e-02,  1.2472e-02,  ...,  6.8143e-02,
           2.0220e-01, -1.7708e-01]],

        [[-3.1551e-02,  7.1858e-03,  4.8370e-02,  ...,  2.3573e-02,
          -4.7054e-02, -4.9187e-02]],

        ...,

        [[-3.6228e-02,  2.6296e-02,  2.3124e-01,  ..., -1.0973e-01,
          -4.6528e-02, -1.2375e-01]],

        [[ 4.9431e-02,  2.3916e-02,  1.0784e-01,  ..., -9.7367e-02,
          -1.2378e-01, -1.5397e-01]],

        [[ 2.5845e-02,  5.4094e-02,  1.5956e-04,  ...,  1.8517e-03,
          -3.4302e-02, -2.5056e-02]]], grad_fn=<BmmBackward>) tensor([[[-5.6132e-02, -4.7131e-02,  1.6652e-02,  ..., -6.1772e-02,
           1.6849e-01, -1.5327e-01]],

        [[ 3.2748e-02, -8.0748e-02,  1.2472e-02,  ...,  6.8143e-02,
           2.0220e-01, -1.7708e-01]],

        [[-3.1551e-02,  7.1858e-03,  4.8370e-02,  ...,  2.3573e-02,
          -4.7054e-02, -4.9187e-02]],

        ...,

        [[-3.6228e-02,  2.6296e-02,  2.3124e-01,  ..., -1.0973e-01,
          -4.6528e-02, -1.2375e-01]],

        [[ 4.9431e-02,  2.3916e-02,  1.0784e-01,  ..., -9.7367e-02,
          -1.2378e-01, -1.5397e-01]],

        [[ 2.5845e-02,  5.4094e-02,  1.5956e-04,  ...,  1.8517e-03,
          -3.4302e-02, -2.5056e-02]]], grad_fn=<BmmBackward>)
start 0 tensor([[[-0.0560, -0.0482,  0.0176,  ..., -0.0617,  0.1725, -0.1562]],

        [[ 0.0361, -0.0860,  0.0123,  ...,  0.0664,  0.2113, -0.1863]],

        [[-0.0323,  0.0072,  0.0484,  ...,  0.0238, -0.0477, -0.0489]],

        ...,

        [[-0.0371,  0.0262,  0.2313,  ..., -0.1091, -0.0466, -0.1234]],

        [[ 0.0479,  0.0240,  0.1082,  ..., -0.0970, -0.1232, -0.1529]],

        [[ 0.0258,  0.0538,  0.0004,  ...,  0.0019, -0.0341, -0.0249]]],
       grad_fn=<BmmBackward>) tensor([[[-0.0560, -0.0482,  0.0176,  ..., -0.0617,  0.1725, -0.1562]],

        [[ 0.0361, -0.0860,  0.0123,  ...,  0.0664,  0.2113, -0.1863]],

        [[-0.0323,  0.0072,  0.0484,  ...,  0.0238, -0.0477, -0.0489]],

        ...,

        [[-0.0371,  0.0262,  0.2313,  ..., -0.1091, -0.0466, -0.1234]],

        [[ 0.0479,  0.0240,  0.1082,  ..., -0.0970, -0.1232, -0.1529]],

        [[ 0.0258,  0.0538,  0.0004,  ...,  0.0019, -0.0341, -0.0249]]],
       grad_fn=<BmmBackward>)
start 0 tensor([[[-0.0559, -0.0494,  0.0185,  ..., -0.0616,  0.1768, -0.1593]],

        [[ 0.0399, -0.0917,  0.0120,  ...,  0.0643,  0.2212, -0.1964]],

        [[-0.0331,  0.0071,  0.0485,  ...,  0.0240, -0.0483, -0.0486]],

        ...,

        [[-0.0380,  0.0261,  0.2314,  ..., -0.1084, -0.0468, -0.1230]],

        [[ 0.0464,  0.0240,  0.1085,  ..., -0.0966, -0.1227, -0.1520]],

        [[ 0.0258,  0.0535,  0.0006,  ...,  0.0020, -0.0340, -0.0248]]],
       grad_fn=<BmmBackward>) tensor([[[-0.0559, -0.0494,  0.0185,  ..., -0.0616,  0.1768, -0.1593]],

        [[ 0.0399, -0.0917,  0.0120,  ...,  0.0643,  0.2212, -0.1964]],

        [[-0.0331,  0.0071,  0.0485,  ...,  0.0240, -0.0483, -0.0486]],

        ...,

        [[-0.0380,  0.0261,  0.2314,  ..., -0.1084, -0.0468, -0.1230]],

        [[ 0.0464,  0.0240,  0.1085,  ..., -0.0966, -0.1227, -0.1520]],

        [[ 0.0258,  0.0535,  0.0006,  ...,  0.0020, -0.0340, -0.0248]]],
       grad_fn=<BmmBackward>)
start 0 tensor([[[-0.0557, -0.0506,  0.0195,  ..., -0.0615,  0.1813, -0.1626]],

        [[ 0.0441, -0.0980,  0.0116,  ...,  0.0619,  0.2319, -0.2075]],

        [[-0.0339,  0.0071,  0.0486,  ...,  0.0243, -0.0488, -0.0483]],

        ...,

        [[-0.0389,  0.0260,  0.2315,  ..., -0.1078, -0.0469, -0.1227]],

        [[ 0.0450,  0.0241,  0.1089,  ..., -0.0962, -0.1222, -0.1511]],

        [[ 0.0259,  0.0532,  0.0008,  ...,  0.0021, -0.0338, -0.0248]]],
       grad_fn=<BmmBackward>) tensor([[[-0.0557, -0.0506,  0.0195,  ..., -0.0615,  0.1813, -0.1626]],

        [[ 0.0441, -0.0980,  0.0116,  ...,  0.0619,  0.2319, -0.2075]],

        [[-0.0339,  0.0071,  0.0486,  ...,  0.0243, -0.0488, -0.0483]],

        ...,

        [[-0.0389,  0.0260,  0.2315,  ..., -0.1078, -0.0469, -0.1227]],

        [[ 0.0450,  0.0241,  0.1089,  ..., -0.0962, -0.1222, -0.1511]],

        [[ 0.0259,  0.0532,  0.0008,  ...,  0.0021, -0.0338, -0.0248]]],
       grad_fn=<BmmBackward>)
start 0 tensor([[[-0.0554, -0.0520,  0.0206,  ..., -0.0613,  0.1861, -0.1661]],

        [[ 0.0488, -0.1049,  0.0112,  ...,  0.0592,  0.2436, -0.2196]],

        [[-0.0347,  0.0071,  0.0487,  ...,  0.0245, -0.0494, -0.0480]],

        ...,

        [[-0.0398,  0.0259,  0.2316,  ..., -0.1071, -0.0471, -0.1224]],

        [[ 0.0437,  0.0243,  0.1092,  ..., -0.0958, -0.1217, -0.1502]],

        [[ 0.0259,  0.0530,  0.0009,  ...,  0.0021, -0.0337, -0.0247]]],
       grad_fn=<BmmBackward>) tensor([[[-0.0554, -0.0520,  0.0206,  ..., -0.0613,  0.1861, -0.1661]],

        [[ 0.0488, -0.1049,  0.0112,  ...,  0.0592,  0.2436, -0.2196]],

        [[-0.0347,  0.0071,  0.0487,  ...,  0.0245, -0.0494, -0.0480]],

        ...,

        [[-0.0398,  0.0259,  0.2316,  ..., -0.1071, -0.0471, -0.1224]],

        [[ 0.0437,  0.0243,  0.1092,  ..., -0.0958, -0.1217, -0.1502]],

        [[ 0.0259,  0.0530,  0.0009,  ...,  0.0021, -0.0337, -0.0247]]],
       grad_fn=<BmmBackward>)
start 0 tensor([[[-0.0551, -0.0535,  0.0217,  ..., -0.0612,  0.1912, -0.1698]],

        [[ 0.0541, -0.1125,  0.0107,  ...,  0.0560,  0.2563, -0.2328]],

        [[-0.0355,  0.0070,  0.0488,  ...,  0.0247, -0.0500, -0.0478]],

        ...,

        [[-0.0406,  0.0259,  0.2317,  ..., -0.1065, -0.0473, -0.1221]],

        [[ 0.0424,  0.0244,  0.1096,  ..., -0.0955, -0.1212, -0.1493]],

        [[ 0.0259,  0.0527,  0.0011,  ...,  0.0022, -0.0335, -0.0246]]],
       grad_fn=<BmmBackward>) tensor([[[-0.0551, -0.0535,  0.0217,  ..., -0.0612,  0.1912, -0.1698]],

        [[ 0.0541, -0.1125,  0.0107,  ...,  0.0560,  0.2563, -0.2328]],

        [[-0.0355,  0.0070,  0.0488,  ...,  0.0247, -0.0500, -0.0478]],

        ...,

        [[-0.0406,  0.0259,  0.2317,  ..., -0.1065, -0.0473, -0.1221]],

        [[ 0.0424,  0.0244,  0.1096,  ..., -0.0955, -0.1212, -0.1493]],

        [[ 0.0259,  0.0527,  0.0011,  ...,  0.0022, -0.0335, -0.0246]]],
       grad_fn=<BmmBackward>)
start 0 tensor([[[-0.0547, -0.0551,  0.0228,  ..., -0.0611,  0.1966, -0.1738]],

        [[ 0.0599, -0.1208,  0.0101,  ...,  0.0523,  0.2701, -0.2473]],

        [[-0.0363,  0.0070,  0.0489,  ...,  0.0250, -0.0506, -0.0475]],

        ...,

        [[-0.0414,  0.0259,  0.2318,  ..., -0.1058, -0.0475, -0.1219]],

        [[ 0.0411,  0.0246,  0.1100,  ..., -0.0952, -0.1208, -0.1486]],

        [[ 0.0259,  0.0525,  0.0013,  ...,  0.0023, -0.0334, -0.0245]]],
       grad_fn=<BmmBackward>) tensor([[[-0.0547, -0.0551,  0.0228,  ..., -0.0611,  0.1966, -0.1738]],

        [[ 0.0599, -0.1208,  0.0101,  ...,  0.0523,  0.2701, -0.2473]],

        [[-0.0363,  0.0070,  0.0489,  ...,  0.0250, -0.0506, -0.0475]],

        ...,

        [[-0.0414,  0.0259,  0.2318,  ..., -0.1058, -0.0475, -0.1219]],

        [[ 0.0411,  0.0246,  0.1100,  ..., -0.0952, -0.1208, -0.1486]],

        [[ 0.0259,  0.0525,  0.0013,  ...,  0.0023, -0.0334, -0.0245]]],
       grad_fn=<BmmBackward>)
start 0 tensor([[[-0.0542, -0.0568,  0.0240,  ..., -0.0610,  0.2024, -0.1781]],

        [[ 0.0665, -0.1299,  0.0093,  ...,  0.0481,  0.2851, -0.2631]],

        [[-0.0370,  0.0070,  0.0490,  ...,  0.0252, -0.0512, -0.0472]],

        ...,

        [[-0.0423,  0.0259,  0.2319,  ..., -0.1051, -0.0477, -0.1217]],

        [[ 0.0399,  0.0248,  0.1104,  ..., -0.0949, -0.1204, -0.1478]],

        [[ 0.0259,  0.0523,  0.0015,  ...,  0.0023, -0.0333, -0.0245]]],
       grad_fn=<BmmBackward>) tensor([[[-0.0542, -0.0568,  0.0240,  ..., -0.0610,  0.2024, -0.1781]],

        [[ 0.0665, -0.1299,  0.0093,  ...,  0.0481,  0.2851, -0.2631]],

        [[-0.0370,  0.0070,  0.0490,  ...,  0.0252, -0.0512, -0.0472]],

        ...,

        [[-0.0423,  0.0259,  0.2319,  ..., -0.1051, -0.0477, -0.1217]],

        [[ 0.0399,  0.0248,  0.1104,  ..., -0.0949, -0.1204, -0.1478]],

        [[ 0.0259,  0.0523,  0.0015,  ...,  0.0023, -0.0333, -0.0245]]],
       grad_fn=<BmmBackward>)
start 0 tensor([[[-0.0536, -0.0585,  0.0251,  ..., -0.0609,  0.2076, -0.1820]],

        [[ 0.0730, -0.1389,  0.0085,  ...,  0.0438,  0.3000, -0.2789]],

        [[-0.0376,  0.0070,  0.0490,  ...,  0.0254, -0.0516, -0.0470]],

        ...,

        [[-0.0431,  0.0258,  0.2322,  ..., -0.1047, -0.0478, -0.1219]],

        [[ 0.0390,  0.0251,  0.1109,  ..., -0.0947, -0.1201, -0.1473]],

        [[ 0.0260,  0.0521,  0.0016,  ...,  0.0024, -0.0332, -0.0244]]],
       grad_fn=<BmmBackward>) tensor([[[-0.0536, -0.0585,  0.0251,  ..., -0.0609,  0.2076, -0.1820]],

        [[ 0.0730, -0.1389,  0.0085,  ...,  0.0438,  0.3000, -0.2789]],

        [[-0.0376,  0.0070,  0.0490,  ...,  0.0254, -0.0516, -0.0470]],

        ...,

        [[-0.0431,  0.0258,  0.2322,  ..., -0.1047, -0.0478, -0.1219]],

        [[ 0.0390,  0.0251,  0.1109,  ..., -0.0947, -0.1201, -0.1473]],

        [[ 0.0260,  0.0521,  0.0016,  ...,  0.0024, -0.0332, -0.0244]]],
       grad_fn=<BmmBackward>)
start 0 tensor([[[-0.0530, -0.0603,  0.0262,  ..., -0.0609,  0.2133, -0.1863]],

        [[ 0.0804, -0.1489,  0.0076,  ...,  0.0388,  0.3163, -0.2964]],

        [[-0.0381,  0.0069,  0.0491,  ...,  0.0255, -0.0520, -0.0468]],

        ...,

        [[-0.0439,  0.0258,  0.2325,  ..., -0.1042, -0.0479, -0.1221]],

        [[ 0.0380,  0.0254,  0.1114,  ..., -0.0946, -0.1198, -0.1467]],

        [[ 0.0260,  0.0520,  0.0017,  ...,  0.0025, -0.0331, -0.0244]]],
       grad_fn=<BmmBackward>) tensor([[[-0.0530, -0.0603,  0.0262,  ..., -0.0609,  0.2133, -0.1863]],

        [[ 0.0804, -0.1489,  0.0076,  ...,  0.0388,  0.3163, -0.2964]],

        [[-0.0381,  0.0069,  0.0491,  ...,  0.0255, -0.0520, -0.0468]],

        ...,

        [[-0.0439,  0.0258,  0.2325,  ..., -0.1042, -0.0479, -0.1221]],

        [[ 0.0380,  0.0254,  0.1114,  ..., -0.0946, -0.1198, -0.1467]],

        [[ 0.0260,  0.0520,  0.0017,  ...,  0.0025, -0.0331, -0.0244]]],
       grad_fn=<BmmBackward>)
start 0 tensor([[[-0.0523, -0.0623,  0.0274,  ..., -0.0608,  0.2193, -0.1909]],

        [[ 0.0886, -0.1599,  0.0065,  ...,  0.0332,  0.3342, -0.3154]],

        [[-0.0386,  0.0069,  0.0491,  ...,  0.0257, -0.0524, -0.0466]],

        ...,

        [[-0.0446,  0.0258,  0.2327,  ..., -0.1036, -0.0481, -0.1222]],

        [[ 0.0371,  0.0257,  0.1118,  ..., -0.0944, -0.1194, -0.1462]],

        [[ 0.0260,  0.0519,  0.0019,  ...,  0.0025, -0.0330, -0.0244]]],
       grad_fn=<BmmBackward>) tensor([[[-0.0523, -0.0623,  0.0274,  ..., -0.0608,  0.2193, -0.1909]],

        [[ 0.0886, -0.1599,  0.0065,  ...,  0.0332,  0.3342, -0.3154]],

        [[-0.0386,  0.0069,  0.0491,  ...,  0.0257, -0.0524, -0.0466]],

        ...,

        [[-0.0446,  0.0258,  0.2327,  ..., -0.1036, -0.0481, -0.1222]],

        [[ 0.0371,  0.0257,  0.1118,  ..., -0.0944, -0.1194, -0.1462]],

        [[ 0.0260,  0.0519,  0.0019,  ...,  0.0025, -0.0330, -0.0244]]],
       grad_fn=<BmmBackward>)
